  main.cpp
d:\programming\opengl\opengl\3dcar\3dcar\main.cpp(37): warning C4244: 'argument': conversion from 'GLfloat' to 'GLsizei', possible loss of data
d:\programming\opengl\opengl\3dcar\3dcar\main.cpp(63): warning C4244: 'argument': conversion from 'GLint' to 'GLfloat', possible loss of data
d:\programming\opengl\opengl\3dcar\3dcar\main.cpp(109): warning C4305: 'argument': truncation from 'double' to 'GLfloat'
d:\programming\opengl\opengl\3dcar\3dcar\main.cpp(110): warning C4305: 'argument': truncation from 'double' to 'GLfloat'
d:\programming\opengl\opengl\3dcar\3dcar\main.cpp(121): warning C4305: 'argument': truncation from 'double' to 'GLfloat'
d:\programming\opengl\opengl\3dcar\3dcar\main.cpp(122): warning C4305: 'argument': truncation from 'double' to 'GLfloat'
d:\programming\opengl\opengl\3dcar\3dcar\main.cpp(123): warning C4305: 'argument': truncation from 'double' to 'GLfloat'
d:\programming\opengl\opengl\3dcar\3dcar\main.cpp(124): warning C4305: 'argument': truncation from 'double' to 'GLfloat'
d:\programming\opengl\opengl\3dcar\3dcar\main.cpp(127): warning C4305: 'argument': truncation from 'double' to 'GLfloat'
d:\programming\opengl\opengl\3dcar\3dcar\main.cpp(128): warning C4305: 'argument': truncation from 'double' to 'GLfloat'
d:\programming\opengl\opengl\3dcar\3dcar\main.cpp(129): warning C4305: 'argument': truncation from 'double' to 'GLfloat'
d:\programming\opengl\opengl\3dcar\3dcar\main.cpp(130): warning C4305: 'argument': truncation from 'double' to 'GLfloat'
d:\programming\opengl\opengl\3dcar\3dcar\main.cpp(133): warning C4305: 'argument': truncation from 'double' to 'GLfloat'
d:\programming\opengl\opengl\3dcar\3dcar\main.cpp(134): warning C4305: 'argument': truncation from 'double' to 'GLfloat'
d:\programming\opengl\opengl\3dcar\3dcar\main.cpp(135): warning C4305: 'argument': truncation from 'double' to 'GLfloat'
d:\programming\opengl\opengl\3dcar\3dcar\main.cpp(136): warning C4305: 'argument': truncation from 'double' to 'GLfloat'
d:\programming\opengl\opengl\3dcar\3dcar\main.cpp(139): warning C4305: 'argument': truncation from 'double' to 'GLfloat'
d:\programming\opengl\opengl\3dcar\3dcar\main.cpp(140): warning C4305: 'argument': truncation from 'double' to 'GLfloat'
d:\programming\opengl\opengl\3dcar\3dcar\main.cpp(141): warning C4305: 'argument': truncation from 'double' to 'GLfloat'
d:\programming\opengl\opengl\3dcar\3dcar\main.cpp(142): warning C4305: 'argument': truncation from 'double' to 'GLfloat'
d:\programming\opengl\opengl\3dcar\3dcar\main.cpp(145): warning C4305: 'argument': truncation from 'double' to 'GLfloat'
d:\programming\opengl\opengl\3dcar\3dcar\main.cpp(146): warning C4305: 'argument': truncation from 'double' to 'GLfloat'
d:\programming\opengl\opengl\3dcar\3dcar\main.cpp(147): warning C4305: 'argument': truncation from 'double' to 'GLfloat'
d:\programming\opengl\opengl\3dcar\3dcar\main.cpp(148): warning C4305: 'argument': truncation from 'double' to 'GLfloat'
d:\programming\opengl\opengl\3dcar\3dcar\main.cpp(151): warning C4305: 'argument': truncation from 'double' to 'GLfloat'
d:\programming\opengl\opengl\3dcar\3dcar\main.cpp(152): warning C4305: 'argument': truncation from 'double' to 'GLfloat'
d:\programming\opengl\opengl\3dcar\3dcar\main.cpp(153): warning C4305: 'argument': truncation from 'double' to 'GLfloat'
d:\programming\opengl\opengl\3dcar\3dcar\main.cpp(154): warning C4305: 'argument': truncation from 'double' to 'GLfloat'
d:\programming\opengl\opengl\3dcar\3dcar\main.cpp(156): warning C4305: 'argument': truncation from 'double' to 'GLfloat'
d:\programming\opengl\opengl\3dcar\3dcar\main.cpp(157): warning C4305: 'argument': truncation from 'double' to 'GLfloat'
d:\programming\opengl\opengl\3dcar\3dcar\main.cpp(158): warning C4305: 'argument': truncation from 'double' to 'GLfloat'
d:\programming\opengl\opengl\3dcar\3dcar\main.cpp(159): warning C4305: 'argument': truncation from 'double' to 'GLfloat'
d:\programming\opengl\opengl\3dcar\3dcar\main.cpp(162): warning C4305: 'argument': truncation from 'double' to 'GLfloat'
d:\programming\opengl\opengl\3dcar\3dcar\main.cpp(163): warning C4305: 'argument': truncation from 'double' to 'GLfloat'
d:\programming\opengl\opengl\3dcar\3dcar\main.cpp(164): warning C4305: 'argument': truncation from 'double' to 'GLfloat'
d:\programming\opengl\opengl\3dcar\3dcar\main.cpp(165): warning C4305: 'argument': truncation from 'double' to 'GLfloat'
d:\programming\opengl\opengl\3dcar\3dcar\main.cpp(168): warning C4305: 'argument': truncation from 'double' to 'GLfloat'
d:\programming\opengl\opengl\3dcar\3dcar\main.cpp(169): warning C4305: 'argument': truncation from 'double' to 'GLfloat'
d:\programming\opengl\opengl\3dcar\3dcar\main.cpp(170): warning C4305: 'argument': truncation from 'double' to 'GLfloat'
d:\programming\opengl\opengl\3dcar\3dcar\main.cpp(171): warning C4305: 'argument': truncation from 'double' to 'GLfloat'
d:\programming\opengl\opengl\3dcar\3dcar\main.cpp(174): warning C4305: 'argument': truncation from 'double' to 'GLfloat'
d:\programming\opengl\opengl\3dcar\3dcar\main.cpp(175): warning C4305: 'argument': truncation from 'double' to 'GLfloat'
d:\programming\opengl\opengl\3dcar\3dcar\main.cpp(176): warning C4305: 'argument': truncation from 'double' to 'GLfloat'
d:\programming\opengl\opengl\3dcar\3dcar\main.cpp(177): warning C4305: 'argument': truncation from 'double' to 'GLfloat'
d:\programming\opengl\opengl\3dcar\3dcar\main.cpp(180): warning C4305: 'argument': truncation from 'double' to 'GLfloat'
d:\programming\opengl\opengl\3dcar\3dcar\main.cpp(181): warning C4305: 'argument': truncation from 'double' to 'GLfloat'
d:\programming\opengl\opengl\3dcar\3dcar\main.cpp(182): warning C4305: 'argument': truncation from 'double' to 'GLfloat'
d:\programming\opengl\opengl\3dcar\3dcar\main.cpp(183): warning C4305: 'argument': truncation from 'double' to 'GLfloat'
d:\programming\opengl\opengl\3dcar\3dcar\main.cpp(186): warning C4305: 'argument': truncation from 'double' to 'GLfloat'
d:\programming\opengl\opengl\3dcar\3dcar\main.cpp(187): warning C4305: 'argument': truncation from 'double' to 'GLfloat'
d:\programming\opengl\opengl\3dcar\3dcar\main.cpp(188): warning C4305: 'argument': truncation from 'double' to 'GLfloat'
d:\programming\opengl\opengl\3dcar\3dcar\main.cpp(189): warning C4305: 'argument': truncation from 'double' to 'GLfloat'
d:\programming\opengl\opengl\3dcar\3dcar\main.cpp(191): warning C4305: 'argument': truncation from 'double' to 'GLfloat'
d:\programming\opengl\opengl\3dcar\3dcar\main.cpp(192): warning C4305: 'argument': truncation from 'double' to 'GLfloat'
d:\programming\opengl\opengl\3dcar\3dcar\main.cpp(193): warning C4305: 'argument': truncation from 'double' to 'GLfloat'
d:\programming\opengl\opengl\3dcar\3dcar\main.cpp(194): warning C4305: 'argument': truncation from 'double' to 'GLfloat'
d:\programming\opengl\opengl\3dcar\3dcar\main.cpp(197): warning C4305: 'argument': truncation from 'double' to 'GLfloat'
d:\programming\opengl\opengl\3dcar\3dcar\main.cpp(198): warning C4305: 'argument': truncation from 'double' to 'GLfloat'
d:\programming\opengl\opengl\3dcar\3dcar\main.cpp(199): warning C4305: 'argument': truncation from 'double' to 'GLfloat'
d:\programming\opengl\opengl\3dcar\3dcar\main.cpp(200): warning C4305: 'argument': truncation from 'double' to 'GLfloat'
d:\programming\opengl\opengl\3dcar\3dcar\main.cpp(203): warning C4305: 'argument': truncation from 'double' to 'GLfloat'
d:\programming\opengl\opengl\3dcar\3dcar\main.cpp(204): warning C4305: 'argument': truncation from 'double' to 'GLfloat'
d:\programming\opengl\opengl\3dcar\3dcar\main.cpp(205): warning C4305: 'argument': truncation from 'double' to 'GLfloat'
d:\programming\opengl\opengl\3dcar\3dcar\main.cpp(206): warning C4305: 'argument': truncation from 'double' to 'GLfloat'
d:\programming\opengl\opengl\3dcar\3dcar\main.cpp(208): warning C4305: 'argument': truncation from 'double' to 'GLfloat'
d:\programming\opengl\opengl\3dcar\3dcar\main.cpp(209): warning C4305: 'argument': truncation from 'double' to 'GLfloat'
d:\programming\opengl\opengl\3dcar\3dcar\main.cpp(210): warning C4305: 'argument': truncation from 'double' to 'GLfloat'
d:\programming\opengl\opengl\3dcar\3dcar\main.cpp(211): warning C4305: 'argument': truncation from 'double' to 'GLfloat'
d:\programming\opengl\opengl\3dcar\3dcar\main.cpp(212): warning C4305: 'argument': truncation from 'double' to 'GLfloat'
d:\programming\opengl\opengl\3dcar\3dcar\main.cpp(214): warning C4305: 'argument': truncation from 'double' to 'GLfloat'
d:\programming\opengl\opengl\3dcar\3dcar\main.cpp(215): warning C4305: 'argument': truncation from 'double' to 'GLfloat'
d:\programming\opengl\opengl\3dcar\3dcar\main.cpp(216): warning C4305: 'argument': truncation from 'double' to 'GLfloat'
d:\programming\opengl\opengl\3dcar\3dcar\main.cpp(217): warning C4305: 'argument': truncation from 'double' to 'GLfloat'
d:\programming\opengl\opengl\3dcar\3dcar\main.cpp(220): warning C4305: 'argument': truncation from 'double' to 'GLfloat'
d:\programming\opengl\opengl\3dcar\3dcar\main.cpp(221): warning C4305: 'argument': truncation from 'double' to 'GLfloat'
d:\programming\opengl\opengl\3dcar\3dcar\main.cpp(222): warning C4305: 'argument': truncation from 'double' to 'GLfloat'
d:\programming\opengl\opengl\3dcar\3dcar\main.cpp(223): warning C4305: 'argument': truncation from 'double' to 'GLfloat'
d:\programming\opengl\opengl\3dcar\3dcar\main.cpp(225): warning C4305: 'argument': truncation from 'double' to 'GLfloat'
d:\programming\opengl\opengl\3dcar\3dcar\main.cpp(226): warning C4305: 'argument': truncation from 'double' to 'GLfloat'
d:\programming\opengl\opengl\3dcar\3dcar\main.cpp(227): warning C4305: 'argument': truncation from 'double' to 'GLfloat'
d:\programming\opengl\opengl\3dcar\3dcar\main.cpp(228): warning C4305: 'argument': truncation from 'double' to 'GLfloat'
d:\programming\opengl\opengl\3dcar\3dcar\main.cpp(230): warning C4305: 'argument': truncation from 'double' to 'GLfloat'
d:\programming\opengl\opengl\3dcar\3dcar\main.cpp(231): warning C4305: 'argument': truncation from 'double' to 'GLfloat'
d:\programming\opengl\opengl\3dcar\3dcar\main.cpp(232): warning C4305: 'argument': truncation from 'double' to 'GLfloat'
d:\programming\opengl\opengl\3dcar\3dcar\main.cpp(233): warning C4305: 'argument': truncation from 'double' to 'GLfloat'
d:\programming\opengl\opengl\3dcar\3dcar\main.cpp(235): warning C4305: 'argument': truncation from 'double' to 'GLfloat'
d:\programming\opengl\opengl\3dcar\3dcar\main.cpp(236): warning C4305: 'argument': truncation from 'double' to 'GLfloat'
d:\programming\opengl\opengl\3dcar\3dcar\main.cpp(237): warning C4305: 'argument': truncation from 'double' to 'GLfloat'
d:\programming\opengl\opengl\3dcar\3dcar\main.cpp(238): warning C4305: 'argument': truncation from 'double' to 'GLfloat'
d:\programming\opengl\opengl\3dcar\3dcar\main.cpp(240): warning C4305: 'argument': truncation from 'double' to 'GLfloat'
d:\programming\opengl\opengl\3dcar\3dcar\main.cpp(241): warning C4305: 'argument': truncation from 'double' to 'GLfloat'
d:\programming\opengl\opengl\3dcar\3dcar\main.cpp(242): warning C4305: 'argument': truncation from 'double' to 'GLfloat'
d:\programming\opengl\opengl\3dcar\3dcar\main.cpp(243): warning C4305: 'argument': truncation from 'double' to 'GLfloat'
d:\programming\opengl\opengl\3dcar\3dcar\main.cpp(245): warning C4305: 'argument': truncation from 'double' to 'GLfloat'
d:\programming\opengl\opengl\3dcar\3dcar\main.cpp(246): warning C4305: 'argument': truncation from 'double' to 'GLfloat'
d:\programming\opengl\opengl\3dcar\3dcar\main.cpp(247): warning C4305: 'argument': truncation from 'double' to 'GLfloat'
d:\programming\opengl\opengl\3dcar\3dcar\main.cpp(248): warning C4305: 'argument': truncation from 'double' to 'GLfloat'
d:\programming\opengl\opengl\3dcar\3dcar\main.cpp(249): warning C4305: 'argument': truncation from 'double' to 'GLfloat'
d:\programming\opengl\opengl\3dcar\3dcar\main.cpp(251): warning C4305: 'argument': truncation from 'double' to 'GLfloat'
d:\programming\opengl\opengl\3dcar\3dcar\main.cpp(252): warning C4305: 'argument': truncation from 'double' to 'GLfloat'
d:\programming\opengl\opengl\3dcar\3dcar\main.cpp(253): warning C4305: 'argument': truncation from 'double' to 'GLfloat'
d:\programming\opengl\opengl\3dcar\3dcar\main.cpp(254): warning C4305: 'argument': truncation from 'double' to 'GLfloat'
d:\programming\opengl\opengl\3dcar\3dcar\main.cpp(257): warning C4305: 'argument': truncation from 'double' to 'GLfloat'
d:\programming\opengl\opengl\3dcar\3dcar\main.cpp(258): warning C4305: 'argument': truncation from 'double' to 'GLfloat'
d:\programming\opengl\opengl\3dcar\3dcar\main.cpp(259): warning C4305: 'argument': truncation from 'double' to 'GLfloat'
d:\programming\opengl\opengl\3dcar\3dcar\main.cpp(260): warning C4305: 'argument': truncation from 'double' to 'GLfloat'
d:\programming\opengl\opengl\3dcar\3dcar\main.cpp(262): warning C4305: 'argument': truncation from 'double' to 'GLfloat'
d:\programming\opengl\opengl\3dcar\3dcar\main.cpp(263): warning C4305: 'argument': truncation from 'double' to 'GLfloat'
d:\programming\opengl\opengl\3dcar\3dcar\main.cpp(264): warning C4305: 'argument': truncation from 'double' to 'GLfloat'
d:\programming\opengl\opengl\3dcar\3dcar\main.cpp(265): warning C4305: 'argument': truncation from 'double' to 'GLfloat'
d:\programming\opengl\opengl\3dcar\3dcar\main.cpp(267): warning C4305: 'argument': truncation from 'double' to 'GLfloat'
d:\programming\opengl\opengl\3dcar\3dcar\main.cpp(268): warning C4305: 'argument': truncation from 'double' to 'GLfloat'
d:\programming\opengl\opengl\3dcar\3dcar\main.cpp(269): warning C4305: 'argument': truncation from 'double' to 'GLfloat'
d:\programming\opengl\opengl\3dcar\3dcar\main.cpp(270): warning C4305: 'argument': truncation from 'double' to 'GLfloat'
d:\programming\opengl\opengl\3dcar\3dcar\main.cpp(278): warning C4305: 'argument': truncation from 'double' to 'GLfloat'
d:\programming\opengl\opengl\3dcar\3dcar\main.cpp(279): warning C4305: 'argument': truncation from 'double' to 'GLfloat'
d:\programming\opengl\opengl\3dcar\3dcar\main.cpp(280): warning C4305: 'argument': truncation from 'double' to 'GLfloat'
d:\programming\opengl\opengl\3dcar\3dcar\main.cpp(281): warning C4305: 'argument': truncation from 'double' to 'GLfloat'
d:\programming\opengl\opengl\3dcar\3dcar\main.cpp(282): warning C4305: 'argument': truncation from 'double' to 'GLfloat'
d:\programming\opengl\opengl\3dcar\3dcar\main.cpp(284): warning C4305: 'argument': truncation from 'double' to 'GLfloat'
d:\programming\opengl\opengl\3dcar\3dcar\main.cpp(285): warning C4305: 'argument': truncation from 'double' to 'GLfloat'
d:\programming\opengl\opengl\3dcar\3dcar\main.cpp(286): warning C4305: 'argument': truncation from 'double' to 'GLfloat'
d:\programming\opengl\opengl\3dcar\3dcar\main.cpp(287): warning C4305: 'argument': truncation from 'double' to 'GLfloat'
d:\programming\opengl\opengl\3dcar\3dcar\main.cpp(295): warning C4305: 'argument': truncation from 'double' to 'GLfloat'
d:\programming\opengl\opengl\3dcar\3dcar\main.cpp(296): warning C4305: 'argument': truncation from 'double' to 'GLfloat'
d:\programming\opengl\opengl\3dcar\3dcar\main.cpp(297): warning C4305: 'argument': truncation from 'double' to 'GLfloat'
d:\programming\opengl\opengl\3dcar\3dcar\main.cpp(298): warning C4305: 'argument': truncation from 'double' to 'GLfloat'
d:\programming\opengl\opengl\3dcar\3dcar\main.cpp(300): warning C4305: 'argument': truncation from 'double' to 'GLfloat'
d:\programming\opengl\opengl\3dcar\3dcar\main.cpp(301): warning C4305: 'argument': truncation from 'double' to 'GLfloat'
d:\programming\opengl\opengl\3dcar\3dcar\main.cpp(302): warning C4305: 'argument': truncation from 'double' to 'GLfloat'
d:\programming\opengl\opengl\3dcar\3dcar\main.cpp(304): warning C4305: 'argument': truncation from 'double' to 'GLfloat'
d:\programming\opengl\opengl\3dcar\3dcar\main.cpp(305): warning C4305: 'argument': truncation from 'double' to 'GLfloat'
d:\programming\opengl\opengl\3dcar\3dcar\main.cpp(306): warning C4305: 'argument': truncation from 'double' to 'GLfloat'
d:\programming\opengl\opengl\3dcar\3dcar\main.cpp(308): warning C4305: 'argument': truncation from 'double' to 'GLfloat'
d:\programming\opengl\opengl\3dcar\3dcar\main.cpp(309): warning C4305: 'argument': truncation from 'double' to 'GLfloat'
d:\programming\opengl\opengl\3dcar\3dcar\main.cpp(310): warning C4305: 'argument': truncation from 'double' to 'GLfloat'
d:\programming\opengl\opengl\3dcar\3dcar\main.cpp(315): warning C4305: 'argument': truncation from 'double' to 'GLfloat'
d:\programming\opengl\opengl\3dcar\3dcar\main.cpp(316): warning C4305: 'argument': truncation from 'double' to 'GLfloat'
d:\programming\opengl\opengl\3dcar\3dcar\main.cpp(322): warning C4305: 'argument': truncation from 'double' to 'GLfloat'
d:\programming\opengl\opengl\3dcar\3dcar\main.cpp(327): warning C4305: 'argument': truncation from 'double' to 'GLfloat'
d:\programming\opengl\opengl\3dcar\3dcar\main.cpp(328): warning C4305: 'argument': truncation from 'double' to 'GLfloat'
d:\programming\opengl\opengl\3dcar\3dcar\main.cpp(328): warning C4244: 'argument': conversion from 'double' to 'GLfloat', possible loss of data
d:\programming\opengl\opengl\3dcar\3dcar\main.cpp(335): warning C4305: 'argument': truncation from 'double' to 'GLfloat'
d:\programming\opengl\opengl\3dcar\3dcar\main.cpp(336): warning C4305: 'argument': truncation from 'double' to 'GLfloat'
d:\programming\opengl\opengl\3dcar\3dcar\main.cpp(336): warning C4244: 'argument': conversion from 'double' to 'GLfloat', possible loss of data
d:\programming\opengl\opengl\3dcar\3dcar\main.cpp(343): warning C4305: 'argument': truncation from 'double' to 'GLfloat'
d:\programming\opengl\opengl\3dcar\3dcar\main.cpp(344): warning C4305: 'argument': truncation from 'double' to 'GLfloat'
d:\programming\opengl\opengl\3dcar\3dcar\main.cpp(344): warning C4244: 'argument': conversion from 'double' to 'GLfloat', possible loss of data
d:\programming\opengl\opengl\3dcar\3dcar\main.cpp(351): warning C4305: 'argument': truncation from 'double' to 'GLfloat'
d:\programming\opengl\opengl\3dcar\3dcar\main.cpp(352): warning C4305: 'argument': truncation from 'double' to 'GLfloat'
d:\programming\opengl\opengl\3dcar\3dcar\main.cpp(352): warning C4244: 'argument': conversion from 'double' to 'GLfloat', possible loss of data
d:\programming\opengl\opengl\3dcar\3dcar\main.cpp(355): warning C4305: 'argument': truncation from 'double' to 'GLfloat'
d:\programming\opengl\opengl\3dcar\3dcar\main.cpp(359): warning C4305: 'argument': truncation from 'double' to 'GLfloat'
d:\programming\opengl\opengl\3dcar\3dcar\main.cpp(362): warning C4305: 'argument': truncation from 'double' to 'GLfloat'
d:\programming\opengl\opengl\3dcar\3dcar\main.cpp(365): warning C4305: 'argument': truncation from 'double' to 'GLfloat'
d:\programming\opengl\opengl\3dcar\3dcar\main.cpp(388): warning C4305: '+=': truncation from 'double' to 'GLfloat'
d:\programming\opengl\opengl\3dcar\3dcar\main.cpp(393): warning C4305: '-=': truncation from 'double' to 'GLfloat'
d:\programming\opengl\opengl\3dcar\3dcar\main.cpp(398): warning C4305: '+=': truncation from 'double' to 'GLfloat'
d:\programming\opengl\opengl\3dcar\3dcar\main.cpp(403): warning C4305: '-=': truncation from 'double' to 'GLfloat'
d:\programming\opengl\opengl\3dcar\3dcar\main.cpp(479): warning C4244: 'argument': conversion from 'GLint' to 'GLfloat', possible loss of data
  3DCar.vcxproj -> D:\Programming\OpenGL\opengl\3DCar\Debug\3DCar.exe
